# JRE version: Java(TM) SE Runtime Environment (8.0_66-b17) (build 1.8.0_66-b17)
# Java VM: Java HotSpot(TM) Client VM (25.66-b17 mixed mode windows-x86 )
Heap:
 def new generation   total 4928K, used 547K [0x05600000, 0x05b50000, 0x0ab50000)
  eden space 4416K,   8% used [0x05600000, 0x0565e3b8, 0x05a50000)
  from space 512K,  33% used [0x05ad0000, 0x05afaa40, 0x05b50000)
  to   space 512K,   0% used [0x05a50000, 0x05a50000, 0x05ad0000)
 tenured generation   total 10944K, used 1318K [0x0ab50000, 0x0b600000, 0x15600000)
   the space 10944K,  12% used [0x0ab50000, 0x0ac999c8, 0x0ac99a00, 0x0b600000)
 Metaspace       used 3958K, capacity 3985K, committed 4032K, reserved 4480K
GC Heap History (10 events):
Event: 1.525 GC heap before
{Heap before GC invocations=132 (full 0):
 def new generation   total 4928K, used 4728K [0x05600000, 0x05b50000, 0x0ab50000)
  eden space 4416K, 100% used [0x05600000, 0x05a50000, 0x05a50000)
  from space 512K,  61% used [0x05a50000, 0x05a9e3d8, 0x05ad0000)
  to   space 512K,   0% used [0x05ad0000, 0x05ad0000, 0x05b50000)
 tenured generation   total 10944K, used 1230K [0x0ab50000, 0x0b600000, 0x15600000)
   the space 10944K,  11% used [0x0ab50000, 0x0ac83af8, 0x0ac83c00, 0x0b600000)
 Metaspace       used 3759K, capacity 3791K, committed 3904K, reserved 4480K
Event: 1.526 GC heap after
Heap after GC invocations=133 (full 0):
 def new generation   total 4928K, used 134K [0x05600000, 0x05b50000, 0x0ab50000)
  eden space 4416K,   0% used [0x05600000, 0x05600000, 0x05a50000)
  from space 512K,  26% used [0x05ad0000, 0x05af1b78, 0x05b50000)
  to   space 512K,   0% used [0x05a50000, 0x05a50000, 0x05ad0000)
 tenured generation   total 10944K, used 1318K [0x0ab50000, 0x0b600000, 0x15600000)
   the space 10944K,  12% used [0x0ab50000, 0x0ac999c8, 0x0ac99a00, 0x0b600000)
 Metaspace       used 3759K, capacity 3791K, committed 3904K, reserved 4480K
}
Event: 1.539 GC heap before
{Heap before GC invocations=133 (full 0):
 def new generation   total 4928K, used 4550K [0x05600000, 0x05b50000, 0x0ab50000)
  eden space 4416K, 100% used [0x05600000, 0x05a50000, 0x05a50000)
  from space 512K,  26% used [0x05ad0000, 0x05af1b78, 0x05b50000)
  to   space 512K,   0% used [0x05a50000, 0x05a50000, 0x05ad0000)
 tenured generation   total 10944K, used 1318K [0x0ab50000, 0x0b600000, 0x15600000)
   the space 10944K,  12% used [0x0ab50000, 0x0ac999c8, 0x0ac99a00, 0x0b600000)
 Metaspace       used 3759K, capacity 3791K, committed 3904K, reserved 4480K
Event: 1.539 GC heap after
Heap after GC invocations=134 (full 0):
 def new generation   total 4928K, used 112K [0x05600000, 0x05b50000, 0x0ab50000)
  eden space 4416K,   0% used [0x05600000, 0x05600000, 0x05a50000)
  from space 512K,  21% used [0x05a50000, 0x05a6c1f0, 0x05ad0000)
  to   space 512K,   0% used [0x05ad0000, 0x05ad0000, 0x05b50000)
 tenured generation   total 10944K, used 1318K [0x0ab50000, 0x0b600000, 0x15600000)
   the space 10944K,  12% used [0x0ab50000, 0x0ac999c8, 0x0ac99a00, 0x0b600000)
 Metaspace       used 3759K, capacity 3791K, committed 3904K, reserved 4480K
}
Event: 1.558 GC heap before
{Heap before GC invocations=134 (full 0):
 def new generation   total 4928K, used 4528K [0x05600000, 0x05b50000, 0x0ab50000)
  eden space 4416K, 100% used [0x05600000, 0x05a50000, 0x05a50000)
  from space 512K,  21% used [0x05a50000, 0x05a6c1f0, 0x05ad0000)
  to   space 512K,   0% used [0x05ad0000, 0x05ad0000, 0x05b50000)
 tenured generation   total 10944K, used 1318K [0x0ab50000, 0x0b600000, 0x15600000)
   the space 10944K,  12% used [0x0ab50000, 0x0ac999c8, 0x0ac99a00, 0x0b600000)
 Metaspace       used 3774K, capacity 3791K, committed 3904K, reserved 4480K
Event: 1.559 GC heap after
Heap after GC invocations=135 (full 0):
 def new generation   total 4928K, used 129K [0x05600000, 0x05b50000, 0x0ab50000)
  eden space 4416K,   0% used [0x05600000, 0x05600000, 0x05a50000)
  from space 512K,  25% used [0x05ad0000, 0x05af04b0, 0x05b50000)
  to   space 512K,   0% used [0x05a50000, 0x05a50000, 0x05ad0000)
 tenured generation   total 10944K, used 1318K [0x0ab50000, 0x0b600000, 0x15600000)
   the space 10944K,  12% used [0x0ab50000, 0x0ac999c8, 0x0ac99a00, 0x0b600000)
 Metaspace       used 3774K, capacity 3791K, committed 3904K, reserved 4480K
}
Event: 1.579 GC heap before
{Heap before GC invocations=135 (full 0):
 def new generation   total 4928K, used 4545K [0x05600000, 0x05b50000, 0x0ab50000)
  eden space 4416K, 100% used [0x05600000, 0x05a50000, 0x05a50000)
  from space 512K,  25% used [0x05ad0000, 0x05af04b0, 0x05b50000)
  to   space 512K,   0% used [0x05a50000, 0x05a50000, 0x05ad0000)
 tenured generation   total 10944K, used 1318K [0x0ab50000, 0x0b600000, 0x15600000)
   the space 10944K,  12% used [0x0ab50000, 0x0ac999c8, 0x0ac99a00, 0x0b600000)
 Metaspace       used 3836K, capacity 3855K, committed 3904K, reserved 4480K
Event: 1.580 GC heap after
Heap after GC invocations=136 (full 0):
 def new generation   total 4928K, used 189K [0x05600000, 0x05b50000, 0x0ab50000)
  eden space 4416K,   0% used [0x05600000, 0x05600000, 0x05a50000)
  from space 512K,  37% used [0x05a50000, 0x05a7f628, 0x05ad0000)
  to   space 512K,   0% used [0x05ad0000, 0x05ad0000, 0x05b50000)
 tenured generation   total 10944K, used 1318K [0x0ab50000, 0x0b600000, 0x15600000)
   the space 10944K,  12% used [0x0ab50000, 0x0ac999c8, 0x0ac99a00, 0x0b600000)
 Metaspace       used 3836K, capacity 3855K, committed 3904K, reserved 4480K
}
Event: 1.614 GC heap before
{Heap before GC invocations=136 (full 0):
 def new generation   total 4928K, used 4605K [0x05600000, 0x05b50000, 0x0ab50000)
  eden space 4416K, 100% used [0x05600000, 0x05a50000, 0x05a50000)
  from space 512K,  37% used [0x05a50000, 0x05a7f628, 0x05ad0000)
  to   space 512K,   0% used [0x05ad0000, 0x05ad0000, 0x05b50000)
 tenured generation   total 10944K, used 1318K [0x0ab50000, 0x0b600000, 0x15600000)
   the space 10944K,  12% used [0x0ab50000, 0x0ac999c8, 0x0ac99a00, 0x0b600000)
 Metaspace       used 3946K, capacity 3985K, committed 4032K, reserved 4480K
Event: 1.615 GC heap after
Heap after GC invocations=137 (full 0):
 def new generation   total 4928K, used 170K [0x05600000, 0x05b50000, 0x0ab50000)
  eden space 4416K,   0% used [0x05600000, 0x05600000, 0x05a50000)
  from space 512K,  33% used [0x05ad0000, 0x05afaa40, 0x05b50000)
  to   space 512K,   0% used [0x05a50000, 0x05a50000, 0x05ad0000)
 tenured generation   total 10944K, used 1318K [0x0ab50000, 0x0b600000, 0x15600000)
   the space 10944K,  12% used [0x0ab50000, 0x0ac999c8, 0x0ac99a00, 0x0b600000)
 Metaspace       used 3946K, capacity 3985K, committed 4032K, reserved 4480K
}

