# JRE version: Java(TM) SE Runtime Environment (8.0_66-b17) (build 1.8.0_66-b17)
# Java VM: Java HotSpot(TM) Client VM (25.66-b17 mixed mode windows-x86 )
Heap:
 def new generation   total 4928K, used 547K [0x04800000, 0x04d50000, 0x09d50000)
  eden space 4416K,   8% used [0x04800000, 0x0485e3b8, 0x04c50000)
  from space 512K,  33% used [0x04cd0000, 0x04cfaa40, 0x04d50000)
  to   space 512K,   0% used [0x04c50000, 0x04c50000, 0x04cd0000)
 tenured generation   total 10944K, used 1318K [0x09d50000, 0x0a800000, 0x14800000)
   the space 10944K,  12% used [0x09d50000, 0x09e999c8, 0x09e99a00, 0x0a800000)
 Metaspace       used 3958K, capacity 3985K, committed 4032K, reserved 4480K
GC Heap History (10 events):
Event: 1.458 GC heap before
{Heap before GC invocations=132 (full 0):
 def new generation   total 4928K, used 4728K [0x04800000, 0x04d50000, 0x09d50000)
  eden space 4416K, 100% used [0x04800000, 0x04c50000, 0x04c50000)
  from space 512K,  61% used [0x04c50000, 0x04c9e3b0, 0x04cd0000)
  to   space 512K,   0% used [0x04cd0000, 0x04cd0000, 0x04d50000)
 tenured generation   total 10944K, used 1230K [0x09d50000, 0x0a800000, 0x14800000)
   the space 10944K,  11% used [0x09d50000, 0x09e83af8, 0x09e83c00, 0x0a800000)
 Metaspace       used 3759K, capacity 3791K, committed 3904K, reserved 4480K
Event: 1.459 GC heap after
Heap after GC invocations=133 (full 0):
 def new generation   total 4928K, used 134K [0x04800000, 0x04d50000, 0x09d50000)
  eden space 4416K,   0% used [0x04800000, 0x04800000, 0x04c50000)
  from space 512K,  26% used [0x04cd0000, 0x04cf1b00, 0x04d50000)
  to   space 512K,   0% used [0x04c50000, 0x04c50000, 0x04cd0000)
 tenured generation   total 10944K, used 1318K [0x09d50000, 0x0a800000, 0x14800000)
   the space 10944K,  12% used [0x09d50000, 0x09e999c8, 0x09e99a00, 0x0a800000)
 Metaspace       used 3759K, capacity 3791K, committed 3904K, reserved 4480K
}
Event: 1.472 GC heap before
{Heap before GC invocations=133 (full 0):
 def new generation   total 4928K, used 4550K [0x04800000, 0x04d50000, 0x09d50000)
  eden space 4416K, 100% used [0x04800000, 0x04c50000, 0x04c50000)
  from space 512K,  26% used [0x04cd0000, 0x04cf1b00, 0x04d50000)
  to   space 512K,   0% used [0x04c50000, 0x04c50000, 0x04cd0000)
 tenured generation   total 10944K, used 1318K [0x09d50000, 0x0a800000, 0x14800000)
   the space 10944K,  12% used [0x09d50000, 0x09e999c8, 0x09e99a00, 0x0a800000)
 Metaspace       used 3759K, capacity 3791K, committed 3904K, reserved 4480K
Event: 1.473 GC heap after
Heap after GC invocations=134 (full 0):
 def new generation   total 4928K, used 112K [0x04800000, 0x04d50000, 0x09d50000)
  eden space 4416K,   0% used [0x04800000, 0x04800000, 0x04c50000)
  from space 512K,  21% used [0x04c50000, 0x04c6c278, 0x04cd0000)
  to   space 512K,   0% used [0x04cd0000, 0x04cd0000, 0x04d50000)
 tenured generation   total 10944K, used 1318K [0x09d50000, 0x0a800000, 0x14800000)
   the space 10944K,  12% used [0x09d50000, 0x09e999c8, 0x09e99a00, 0x0a800000)
 Metaspace       used 3759K, capacity 3791K, committed 3904K, reserved 4480K
}
Event: 1.493 GC heap before
{Heap before GC invocations=134 (full 0):
 def new generation   total 4928K, used 4528K [0x04800000, 0x04d50000, 0x09d50000)
  eden space 4416K, 100% used [0x04800000, 0x04c50000, 0x04c50000)
  from space 512K,  21% used [0x04c50000, 0x04c6c278, 0x04cd0000)
  to   space 512K,   0% used [0x04cd0000, 0x04cd0000, 0x04d50000)
 tenured generation   total 10944K, used 1318K [0x09d50000, 0x0a800000, 0x14800000)
   the space 10944K,  12% used [0x09d50000, 0x09e999c8, 0x09e99a00, 0x0a800000)
 Metaspace       used 3774K, capacity 3791K, committed 3904K, reserved 4480K
Event: 1.494 GC heap after
Heap after GC invocations=135 (full 0):
 def new generation   total 4928K, used 129K [0x04800000, 0x04d50000, 0x09d50000)
  eden space 4416K,   0% used [0x04800000, 0x04800000, 0x04c50000)
  from space 512K,  25% used [0x04cd0000, 0x04cf0558, 0x04d50000)
  to   space 512K,   0% used [0x04c50000, 0x04c50000, 0x04cd0000)
 tenured generation   total 10944K, used 1318K [0x09d50000, 0x0a800000, 0x14800000)
   the space 10944K,  12% used [0x09d50000, 0x09e999c8, 0x09e99a00, 0x0a800000)
 Metaspace       used 3774K, capacity 3791K, committed 3904K, reserved 4480K
}
Event: 1.514 GC heap before
{Heap before GC invocations=135 (full 0):
 def new generation   total 4928K, used 4545K [0x04800000, 0x04d50000, 0x09d50000)
  eden space 4416K, 100% used [0x04800000, 0x04c50000, 0x04c50000)
  from space 512K,  25% used [0x04cd0000, 0x04cf0558, 0x04d50000)
  to   space 512K,   0% used [0x04c50000, 0x04c50000, 0x04cd0000)
 tenured generation   total 10944K, used 1318K [0x09d50000, 0x0a800000, 0x14800000)
   the space 10944K,  12% used [0x09d50000, 0x09e999c8, 0x09e99a00, 0x0a800000)
 Metaspace       used 3836K, capacity 3855K, committed 3904K, reserved 4480K
Event: 1.515 GC heap after
Heap after GC invocations=136 (full 0):
 def new generation   total 4928K, used 189K [0x04800000, 0x04d50000, 0x09d50000)
  eden space 4416K,   0% used [0x04800000, 0x04800000, 0x04c50000)
  from space 512K,  37% used [0x04c50000, 0x04c7f628, 0x04cd0000)
  to   space 512K,   0% used [0x04cd0000, 0x04cd0000, 0x04d50000)
 tenured generation   total 10944K, used 1318K [0x09d50000, 0x0a800000, 0x14800000)
   the space 10944K,  12% used [0x09d50000, 0x09e999c8, 0x09e99a00, 0x0a800000)
 Metaspace       used 3836K, capacity 3855K, committed 3904K, reserved 4480K
}
Event: 1.549 GC heap before
{Heap before GC invocations=136 (full 0):
 def new generation   total 4928K, used 4605K [0x04800000, 0x04d50000, 0x09d50000)
  eden space 4416K, 100% used [0x04800000, 0x04c50000, 0x04c50000)
  from space 512K,  37% used [0x04c50000, 0x04c7f628, 0x04cd0000)
  to   space 512K,   0% used [0x04cd0000, 0x04cd0000, 0x04d50000)
 tenured generation   total 10944K, used 1318K [0x09d50000, 0x0a800000, 0x14800000)
   the space 10944K,  12% used [0x09d50000, 0x09e999c8, 0x09e99a00, 0x0a800000)
 Metaspace       used 3946K, capacity 3985K, committed 4032K, reserved 4480K
Event: 1.550 GC heap after
Heap after GC invocations=137 (full 0):
 def new generation   total 4928K, used 170K [0x04800000, 0x04d50000, 0x09d50000)
  eden space 4416K,   0% used [0x04800000, 0x04800000, 0x04c50000)
  from space 512K,  33% used [0x04cd0000, 0x04cfaa40, 0x04d50000)
  to   space 512K,   0% used [0x04c50000, 0x04c50000, 0x04cd0000)
 tenured generation   total 10944K, used 1318K [0x09d50000, 0x0a800000, 0x14800000)
   the space 10944K,  12% used [0x09d50000, 0x09e999c8, 0x09e99a00, 0x0a800000)
 Metaspace       used 3946K, capacity 3985K, committed 4032K, reserved 4480K
}

